/usr/share/sumo/bin/sumo: /mnt/nfs/data/wangmaonan/anaconda3/lib/libtiff.so.5: no version information available (required by /lib64/libFOX-1.6.so.0)
/usr/share/sumo/bin/sumo: /mnt/nfs/data/wangmaonan/anaconda3/lib/libtiff.so.5: no version information available (required by /lib64/libFOX-1.6.so.0)
/usr/share/sumo/bin/sumo: /mnt/nfs/data/wangmaonan/anaconda3/lib/libtiff.so.5: no version information available (required by /lib64/libFOX-1.6.so.0)
/usr/share/sumo/bin/sumo: /mnt/nfs/data/wangmaonan/anaconda3/lib/libtiff.so.5: no version information available (required by /lib64/libFOX-1.6.so.0)
/usr/share/sumo/bin/sumo: /mnt/nfs/data/wangmaonan/anaconda3/lib/libtiff.so.5: no version information available (required by /lib64/libFOX-1.6.so.0)
/usr/share/sumo/bin/sumo: /mnt/nfs/data/wangmaonan/anaconda3/lib/libtiff.so.5: no version information available (required by /lib64/libFOX-1.6.so.0)
/usr/share/sumo/bin/sumo: /mnt/nfs/data/wangmaonan/anaconda3/lib/libtiff.so.5: no version information available (required by /lib64/libFOX-1.6.so.0)
/usr/share/sumo/bin/sumo: /mnt/nfs/data/wangmaonan/anaconda3/lib/libtiff.so.5: no version information available (required by /lib64/libFOX-1.6.so.0)
/usr/share/sumo/bin/sumo: /mnt/nfs/data/wangmaonan/anaconda3/lib/libtiff.so.5: no version information available (required by /lib64/libFOX-1.6.so.0)
/usr/share/sumo/bin/sumo: /mnt/nfs/data/wangmaonan/anaconda3/lib/libtiff.so.5: no version information available (required by /lib64/libFOX-1.6.so.0)
WARNING: Verbosity must be one of [0, 1, 2, 3, 4]! Ignoring given value: 5 (Config)
0.0: WARNING: vType file 'data/vtype.map' contained 1 lines that were not parsed into a colon-separated sequence of strings! (Config)
WARNING: Verbosity must be one of [0, 1, 2, 3, 4]! Ignoring given value: 5 (Config)
WARNING: Verbosity must be one of [0, 1, 2, 3, 4]! Ignoring given value: 5 (Config)
0.0: WARNING: vType file 'data/vtype.map' contained 1 lines that were not parsed into a colon-separated sequence of strings! (Config)
0.0: WARNING: vType file 'data/vtype.map' contained 1 lines that were not parsed into a colon-separated sequence of strings! (Config)
WARNING: Verbosity must be one of [0, 1, 2, 3, 4]! Ignoring given value: 5 (Config)
0.0: WARNING: vType file 'data/vtype.map' contained 1 lines that were not parsed into a colon-separated sequence of strings! (Config)
/usr/share/sumo/bin/sumo: /mnt/nfs/data/wangmaonan/anaconda3/lib/libtiff.so.5: no version information available (required by /lib64/libFOX-1.6.so.0)
WARNING: Verbosity must be one of [0, 1, 2, 3, 4]! Ignoring given value: 5 (Config)
0.0: WARNING: vType file 'data/vtype.map' contained 1 lines that were not parsed into a colon-separated sequence of strings! (Config)
WARNING: Verbosity must be one of [0, 1, 2, 3, 4]! Ignoring given value: 5 (Config)
0.0: WARNING: vType file 'data/vtype.map' contained 1 lines that were not parsed into a colon-separated sequence of strings! (Config)
/usr/share/sumo/bin/sumo: /mnt/nfs/data/wangmaonan/anaconda3/lib/libtiff.so.5: no version information available (required by /lib64/libFOX-1.6.so.0)
/usr/share/sumo/bin/sumo: /mnt/nfs/data/wangmaonan/anaconda3/lib/libtiff.so.5: no version information available (required by /lib64/libFOX-1.6.so.0)
/usr/share/sumo/bin/sumo: /mnt/nfs/data/wangmaonan/anaconda3/lib/libtiff.so.5: no version information available (required by /lib64/libFOX-1.6.so.0)
/usr/share/sumo/bin/sumo: /mnt/nfs/data/wangmaonan/anaconda3/lib/libtiff.so.5: no version information available (required by /lib64/libFOX-1.6.so.0)
WARNING: Verbosity must be one of [0, 1, 2, 3, 4]! Ignoring given value: 5 (Config)
0.0: WARNING: vType file 'data/vtype.map' contained 1 lines that were not parsed into a colon-separated sequence of strings! (Config)
/usr/share/sumo/bin/sumo: /mnt/nfs/data/wangmaonan/anaconda3/lib/libtiff.so.5: no version information available (required by /lib64/libFOX-1.6.so.0)
WARNING: Verbosity must be one of [0, 1, 2, 3, 4]! Ignoring given value: 5 (Config)
0.0: WARNING: vType file 'data/vtype.map' contained 1 lines that were not parsed into a colon-separated sequence of strings! (Config)
WARNING: Verbosity must be one of [0, 1, 2, 3, 4]! Ignoring given value: 5 (Config)
0.0: WARNING: vType file 'data/vtype.map' contained 1 lines that were not parsed into a colon-separated sequence of strings! (Config)
/usr/share/sumo/bin/sumo: /mnt/nfs/data/wangmaonan/anaconda3/lib/libtiff.so.5: no version information available (required by /lib64/libFOX-1.6.so.0)
/usr/share/sumo/bin/sumo: /mnt/nfs/data/wangmaonan/anaconda3/lib/libtiff.so.5: no version information available (required by /lib64/libFOX-1.6.so.0)
/usr/share/sumo/bin/sumo: /mnt/nfs/data/wangmaonan/anaconda3/lib/libtiff.so.5: no version information available (required by /lib64/libFOX-1.6.so.0)
WARNING: Verbosity must be one of [0, 1, 2, 3, 4]! Ignoring given value: 5 (Config)
0.0: WARNING: vType file 'data/vtype.map' contained 1 lines that were not parsed into a colon-separated sequence of strings! (Config)
/usr/share/sumo/bin/sumo: /mnt/nfs/data/wangmaonan/anaconda3/lib/libtiff.so.5: no version information available (required by /lib64/libFOX-1.6.so.0)
WARNING: Verbosity must be one of [0, 1, 2, 3, 4]! Ignoring given value: 5 (Config)
0.0: WARNING: vType file 'data/vtype.map' contained 1 lines that were not parsed into a colon-separated sequence of strings! (Config)
WARNING: Verbosity must be one of [0, 1, 2, 3, 4]! Ignoring given value: 5 (Config)
0.0: WARNING: vType file 'data/vtype.map' contained 1 lines that were not parsed into a colon-separated sequence of strings! (Config)
WARNING: Verbosity must be one of [0, 1, 2, 3, 4]! Ignoring given value: 5 (Config)
0.0: WARNING: vType file 'data/vtype.map' contained 1 lines that were not parsed into a colon-separated sequence of strings! (Config)
WARNING: Verbosity must be one of [0, 1, 2, 3, 4]! Ignoring given value: 5 (Config)
0.0: WARNING: vType file 'data/vtype.map' contained 1 lines that were not parsed into a colon-separated sequence of strings! (Config)
WARNING: Verbosity must be one of [0, 1, 2, 3, 4]! Ignoring given value: 5 (Config)
0.0: WARNING: vType file 'data/vtype.map' contained 1 lines that were not parsed into a colon-separated sequence of strings! (Config)
WARNING: Verbosity must be one of [0, 1, 2, 3, 4]! Ignoring given value: 5 (Config)
0.0: WARNING: vType file 'data/vtype.map' contained 1 lines that were not parsed into a colon-separated sequence of strings! (Config)
WARNING: Verbosity must be one of [0, 1, 2, 3, 4]! Ignoring given value: 5 (Config)
0.0: WARNING: vType file 'data/vtype.map' contained 1 lines that were not parsed into a colon-separated sequence of strings! (Config)
WARNING: Verbosity must be one of [0, 1, 2, 3, 4]! Ignoring given value: 5 (Config)
0.0: WARNING: vType file 'data/vtype.map' contained 1 lines that were not parsed into a colon-separated sequence of strings! (Config)
WARNING: Verbosity must be one of [0, 1, 2, 3, 4]! Ignoring given value: 5 (Config)
0.0: WARNING: vType file 'data/vtype.map' contained 1 lines that were not parsed into a colon-separated sequence of strings! (Config)
WARNING: Verbosity must be one of [0, 1, 2, 3, 4]! Ignoring given value: 5 (Config)
0.0: WARNING: vType file 'data/vtype.map' contained 1 lines that were not parsed into a colon-separated sequence of strings! (Config)
/mnt/nfs/data/wangmaonan/anaconda3/envs/aiolosEnv/lib/python3.10/site-packages/scipy/optimize/_minpack_py.py:178: RuntimeWarning: The iteration is not making good progress, as measured by the 
  improvement from the last ten iterations.
  warnings.warn(msg, RuntimeWarning)
/mnt/nfs/data/wangmaonan/anaconda3/envs/aiolosEnv/lib/python3.10/site-packages/scipy/optimize/_minpack_py.py:178: RuntimeWarning: The iteration is not making good progress, as measured by the 
  improvement from the last five Jacobian evaluations.
  warnings.warn(msg, RuntimeWarning)
/mnt/nfs/data/wangmaonan/anaconda3/envs/aiolosEnv/lib/python3.10/site-packages/scipy/optimize/_minpack_py.py:178: RuntimeWarning: The number of calls to function has reached maxfev = 800.
  warnings.warn(msg, RuntimeWarning)
/home/wangmaonan/traffic/platooning_Exp_2km/rl_dp/theta_calculation.py:75: RuntimeWarning: overflow encountered in exp
  function_3 = np.exp(arrival_rate * (1.0 - gamma) * theta) * (v2 + (Z + reward(0.0, w_1, d2, v, w_2)) * np.exp(- arrival_rate * (1.0 - gamma) * c)) - Z
/home/wangmaonan/traffic/platooning_Exp_2km/rl_dp/theta_calculation.py:75: RuntimeWarning: invalid value encountered in scalar multiply
  function_3 = np.exp(arrival_rate * (1.0 - gamma) * theta) * (v2 + (Z + reward(0.0, w_1, d2, v, w_2)) * np.exp(- arrival_rate * (1.0 - gamma) * c)) - Z
/mnt/nfs/data/wangmaonan/anaconda3/envs/aiolosEnv/lib/python3.10/site-packages/scipy/optimize/_minpack_py.py:178: RuntimeWarning: The iteration is not making good progress, as measured by the 
  improvement from the last ten iterations.
  warnings.warn(msg, RuntimeWarning)
/mnt/nfs/data/wangmaonan/anaconda3/envs/aiolosEnv/lib/python3.10/site-packages/scipy/optimize/_minpack_py.py:178: RuntimeWarning: The iteration is not making good progress, as measured by the 
  improvement from the last ten iterations.
  warnings.warn(msg, RuntimeWarning)
/mnt/nfs/data/wangmaonan/anaconda3/envs/aiolosEnv/lib/python3.10/site-packages/scipy/optimize/_minpack_py.py:178: RuntimeWarning: The iteration is not making good progress, as measured by the 
  improvement from the last five Jacobian evaluations.
  warnings.warn(msg, RuntimeWarning)
/mnt/nfs/data/wangmaonan/anaconda3/envs/aiolosEnv/lib/python3.10/site-packages/scipy/optimize/_minpack_py.py:178: RuntimeWarning: The iteration is not making good progress, as measured by the 
  improvement from the last five Jacobian evaluations.
  warnings.warn(msg, RuntimeWarning)
/mnt/nfs/data/wangmaonan/anaconda3/envs/aiolosEnv/lib/python3.10/site-packages/scipy/optimize/_minpack_py.py:178: RuntimeWarning: The number of calls to function has reached maxfev = 800.
  warnings.warn(msg, RuntimeWarning)
/mnt/nfs/data/wangmaonan/anaconda3/envs/aiolosEnv/lib/python3.10/site-packages/scipy/optimize/_minpack_py.py:178: RuntimeWarning: The iteration is not making good progress, as measured by the 
  improvement from the last five Jacobian evaluations.
  warnings.warn(msg, RuntimeWarning)
/mnt/nfs/data/wangmaonan/anaconda3/envs/aiolosEnv/lib/python3.10/site-packages/scipy/optimize/_minpack_py.py:178: RuntimeWarning: The iteration is not making good progress, as measured by the 
  improvement from the last ten iterations.
  warnings.warn(msg, RuntimeWarning)
/mnt/nfs/data/wangmaonan/anaconda3/envs/aiolosEnv/lib/python3.10/site-packages/scipy/optimize/_minpack_py.py:178: RuntimeWarning: The iteration is not making good progress, as measured by the 
  improvement from the last ten iterations.
  warnings.warn(msg, RuntimeWarning)
/mnt/nfs/data/wangmaonan/anaconda3/envs/aiolosEnv/lib/python3.10/site-packages/scipy/optimize/_minpack_py.py:178: RuntimeWarning: The iteration is not making good progress, as measured by the 
  improvement from the last ten iterations.
  warnings.warn(msg, RuntimeWarning)
/mnt/nfs/data/wangmaonan/anaconda3/envs/aiolosEnv/lib/python3.10/site-packages/scipy/optimize/_minpack_py.py:178: RuntimeWarning: The iteration is not making good progress, as measured by the 
  improvement from the last ten iterations.
  warnings.warn(msg, RuntimeWarning)
/mnt/nfs/data/wangmaonan/anaconda3/envs/aiolosEnv/lib/python3.10/site-packages/scipy/optimize/_minpack_py.py:178: RuntimeWarning: The iteration is not making good progress, as measured by the 
  improvement from the last five Jacobian evaluations.
  warnings.warn(msg, RuntimeWarning)
/mnt/nfs/data/wangmaonan/anaconda3/envs/aiolosEnv/lib/python3.10/site-packages/scipy/optimize/_minpack_py.py:178: RuntimeWarning: The iteration is not making good progress, as measured by the 
  improvement from the last five Jacobian evaluations.
  warnings.warn(msg, RuntimeWarning)
/mnt/nfs/data/wangmaonan/anaconda3/envs/aiolosEnv/lib/python3.10/site-packages/scipy/optimize/_minpack_py.py:178: RuntimeWarning: The iteration is not making good progress, as measured by the 
  improvement from the last ten iterations.
  warnings.warn(msg, RuntimeWarning)
/mnt/nfs/data/wangmaonan/anaconda3/envs/aiolosEnv/lib/python3.10/site-packages/scipy/optimize/_minpack_py.py:178: RuntimeWarning: The iteration is not making good progress, as measured by the 
  improvement from the last ten iterations.
  warnings.warn(msg, RuntimeWarning)
/mnt/nfs/data/wangmaonan/anaconda3/envs/aiolosEnv/lib/python3.10/site-packages/scipy/optimize/_minpack_py.py:178: RuntimeWarning: The iteration is not making good progress, as measured by the 
  improvement from the last five Jacobian evaluations.
  warnings.warn(msg, RuntimeWarning)
/mnt/nfs/data/wangmaonan/anaconda3/envs/aiolosEnv/lib/python3.10/site-packages/scipy/optimize/_minpack_py.py:178: RuntimeWarning: The iteration is not making good progress, as measured by the 
  improvement from the last five Jacobian evaluations.
  warnings.warn(msg, RuntimeWarning)
/mnt/nfs/data/wangmaonan/anaconda3/envs/aiolosEnv/lib/python3.10/site-packages/scipy/optimize/_minpack_py.py:178: RuntimeWarning: The iteration is not making good progress, as measured by the 
  improvement from the last ten iterations.
  warnings.warn(msg, RuntimeWarning)
/mnt/nfs/data/wangmaonan/anaconda3/envs/aiolosEnv/lib/python3.10/site-packages/scipy/optimize/_minpack_py.py:178: RuntimeWarning: The iteration is not making good progress, as measured by the 
  improvement from the last five Jacobian evaluations.
  warnings.warn(msg, RuntimeWarning)
/mnt/nfs/data/wangmaonan/anaconda3/envs/aiolosEnv/lib/python3.10/site-packages/scipy/optimize/_minpack_py.py:178: RuntimeWarning: The iteration is not making good progress, as measured by the 
  improvement from the last five Jacobian evaluations.
  warnings.warn(msg, RuntimeWarning)
Error: tcpip::Socket::recvAndCheck @ recv: peer shutdown
Quitting (on error).
Error: tcpip::Socket::recvAndCheck @ recv: peer shutdown
Quitting (on error).
/home/wangmaonan/traffic/platooning_Exp_2km/rl_dp/agents/dqn_7.py:344: RuntimeWarning: divide by zero encountered in scalar divide
  exp_vehicle_time = self.edge_length/last_time_speed
/home/wangmaonan/traffic/platooning_Exp_2km/rl_dp/agents/dqn_7.py:272: RuntimeWarning: invalid value encountered in scalar add
  self.Qmatrix[1][0] = self.Qmatrix[1][0] + self.LEARNING_RATE * (Q - self.Qmatrix[1][0])
/home/wangmaonan/traffic/platooning_Exp_2km/rl_dp/theta_calculation.py:71: IntegrationWarning: The occurrence of roundoff error is detected, which prevents 
  the requested tolerance from being achieved.  The error may be 
  underestimated.
  v2, err2 = integrate.quad(f1, c, theta)
Error: tcpip::Socket::recvAndCheck @ recv: peer shutdown
Quitting (on error).
Error: tcpip::Socket::recvAndCheck @ recv: peer shutdown
Quitting (on error).
Error: tcpip::Socket::recvAndCheck @ recv: peer shutdown
Quitting (on error).
Error: tcpip::Socket::recvAndCheck @ recv: peer shutdown
Quitting (on error).
Error: tcpip::Socket::recvAndCheck @ recv: peer shutdown
Quitting (on error).
/home/wangmaonan/traffic/platooning_Exp_2km/rl_dp/agents/dqn_5.py:360: RuntimeWarning: divide by zero encountered in scalar divide
  exp_vehicle_time = self.edge_length/last_time_speed
/home/wangmaonan/traffic/platooning_Exp_2km/rl_dp/agents/dqn_5.py:289: RuntimeWarning: invalid value encountered in scalar add
  self.Qmatrix[1][1] = self.Qmatrix[1][1] + self.LEARNING_RATE * (Q - self.Qmatrix[1][1])
Error: tcpip::Socket::recvAndCheck @ recv: peer shutdown
Quitting (on error).
Error: tcpip::Socket::recvAndCheck @ recv: peer shutdown
Quitting (on error).
Error: tcpip::Socket::recvAndCheck @ recv: peer shutdown
Quitting (on error).
