/usr/share/sumo/bin/sumo: /mnt/nfs/data/wangmaonan/anaconda3/lib/libtiff.so.5: no version information available (required by /lib64/libFOX-1.6.so.0)
WARNING: Verbosity must be one of [0, 1, 2, 3, 4]! Ignoring given value: 5 (Config)
0.0: WARNING: vType file 'data/vtype.map' contained 1 lines that were not parsed into a colon-separated sequence of strings! (Config)
/usr/share/sumo/bin/sumo: /mnt/nfs/data/wangmaonan/anaconda3/lib/libtiff.so.5: no version information available (required by /lib64/libFOX-1.6.so.0)
WARNING: Verbosity must be one of [0, 1, 2, 3, 4]! Ignoring given value: 5 (Config)
0.0: WARNING: vType file 'data/vtype.map' contained 1 lines that were not parsed into a colon-separated sequence of strings! (Config)
/mnt/nfs/data/wangmaonan/anaconda3/envs/aiolosEnv/lib/python3.10/site-packages/scipy/optimize/_minpack_py.py:178: RuntimeWarning: The iteration is not making good progress, as measured by the 
  improvement from the last five Jacobian evaluations.
  warnings.warn(msg, RuntimeWarning)
/mnt/nfs/data/wangmaonan/anaconda3/envs/aiolosEnv/lib/python3.10/site-packages/scipy/optimize/_minpack_py.py:178: RuntimeWarning: The iteration is not making good progress, as measured by the 
  improvement from the last ten iterations.
  warnings.warn(msg, RuntimeWarning)
Error: tcpip::Socket::recvAndCheck @ recv: peer shutdown
Quitting (on error).
/usr/share/sumo/bin/sumo: /mnt/nfs/data/wangmaonan/anaconda3/lib/libtiff.so.5: no version information available (required by /lib64/libFOX-1.6.so.0)
WARNING: Verbosity must be one of [0, 1, 2, 3, 4]! Ignoring given value: 5 (Config)
0.0: WARNING: vType file 'data/vtype.map' contained 1 lines that were not parsed into a colon-separated sequence of strings! (Config)
/usr/share/sumo/bin/sumo: /mnt/nfs/data/wangmaonan/anaconda3/lib/libtiff.so.5: no version information available (required by /lib64/libFOX-1.6.so.0)
WARNING: Verbosity must be one of [0, 1, 2, 3, 4]! Ignoring given value: 5 (Config)
0.0: WARNING: vType file 'data/vtype.map' contained 1 lines that were not parsed into a colon-separated sequence of strings! (Config)
/mnt/nfs/data/wangmaonan/anaconda3/envs/aiolosEnv/lib/python3.10/site-packages/scipy/optimize/_minpack_py.py:178: RuntimeWarning: The iteration is not making good progress, as measured by the 
  improvement from the last five Jacobian evaluations.
  warnings.warn(msg, RuntimeWarning)
/mnt/nfs/data/wangmaonan/anaconda3/envs/aiolosEnv/lib/python3.10/site-packages/scipy/optimize/_minpack_py.py:178: RuntimeWarning: The iteration is not making good progress, as measured by the 
  improvement from the last ten iterations.
  warnings.warn(msg, RuntimeWarning)
Error: tcpip::Socket::recvAndCheck @ recv: peer shutdown
Quitting (on error).
/usr/share/sumo/bin/sumo: /mnt/nfs/data/wangmaonan/anaconda3/lib/libtiff.so.5: no version information available (required by /lib64/libFOX-1.6.so.0)
WARNING: Verbosity must be one of [0, 1, 2, 3, 4]! Ignoring given value: 5 (Config)
0.0: WARNING: vType file 'data/vtype.map' contained 1 lines that were not parsed into a colon-separated sequence of strings! (Config)
/usr/share/sumo/bin/sumo: /mnt/nfs/data/wangmaonan/anaconda3/lib/libtiff.so.5: no version information available (required by /lib64/libFOX-1.6.so.0)
WARNING: Verbosity must be one of [0, 1, 2, 3, 4]! Ignoring given value: 5 (Config)
0.0: WARNING: vType file 'data/vtype.map' contained 1 lines that were not parsed into a colon-separated sequence of strings! (Config)
/mnt/nfs/data/wangmaonan/anaconda3/envs/aiolosEnv/lib/python3.10/site-packages/scipy/optimize/_minpack_py.py:178: RuntimeWarning: The number of calls to function has reached maxfev = 800.
  warnings.warn(msg, RuntimeWarning)
/mnt/nfs/data/wangmaonan/anaconda3/envs/aiolosEnv/lib/python3.10/site-packages/scipy/optimize/_minpack_py.py:178: RuntimeWarning: The iteration is not making good progress, as measured by the 
  improvement from the last five Jacobian evaluations.
  warnings.warn(msg, RuntimeWarning)
/mnt/nfs/data/wangmaonan/anaconda3/envs/aiolosEnv/lib/python3.10/site-packages/scipy/optimize/_minpack_py.py:178: RuntimeWarning: The iteration is not making good progress, as measured by the 
  improvement from the last ten iterations.
  warnings.warn(msg, RuntimeWarning)
Error: tcpip::Socket::recvAndCheck @ recv: peer shutdown
Quitting (on error).
/usr/share/sumo/bin/sumo: /mnt/nfs/data/wangmaonan/anaconda3/lib/libtiff.so.5: no version information available (required by /lib64/libFOX-1.6.so.0)
WARNING: Verbosity must be one of [0, 1, 2, 3, 4]! Ignoring given value: 5 (Config)
0.0: WARNING: vType file 'data/vtype.map' contained 1 lines that were not parsed into a colon-separated sequence of strings! (Config)
/usr/share/sumo/bin/sumo: /mnt/nfs/data/wangmaonan/anaconda3/lib/libtiff.so.5: no version information available (required by /lib64/libFOX-1.6.so.0)
WARNING: Verbosity must be one of [0, 1, 2, 3, 4]! Ignoring given value: 5 (Config)
0.0: WARNING: vType file 'data/vtype.map' contained 1 lines that were not parsed into a colon-separated sequence of strings! (Config)
/mnt/nfs/data/wangmaonan/anaconda3/envs/aiolosEnv/lib/python3.10/site-packages/scipy/optimize/_minpack_py.py:178: RuntimeWarning: The iteration is not making good progress, as measured by the 
  improvement from the last five Jacobian evaluations.
  warnings.warn(msg, RuntimeWarning)
/mnt/nfs/data/wangmaonan/anaconda3/envs/aiolosEnv/lib/python3.10/site-packages/scipy/optimize/_minpack_py.py:178: RuntimeWarning: The iteration is not making good progress, as measured by the 
  improvement from the last ten iterations.
  warnings.warn(msg, RuntimeWarning)
Error: tcpip::Socket::recvAndCheck @ recv: peer shutdown
Quitting (on error).
/usr/share/sumo/bin/sumo: /mnt/nfs/data/wangmaonan/anaconda3/lib/libtiff.so.5: no version information available (required by /lib64/libFOX-1.6.so.0)
WARNING: Verbosity must be one of [0, 1, 2, 3, 4]! Ignoring given value: 5 (Config)
0.0: WARNING: vType file 'data/vtype.map' contained 1 lines that were not parsed into a colon-separated sequence of strings! (Config)
/usr/share/sumo/bin/sumo: /mnt/nfs/data/wangmaonan/anaconda3/lib/libtiff.so.5: no version information available (required by /lib64/libFOX-1.6.so.0)
WARNING: Verbosity must be one of [0, 1, 2, 3, 4]! Ignoring given value: 5 (Config)
0.0: WARNING: vType file 'data/vtype.map' contained 1 lines that were not parsed into a colon-separated sequence of strings! (Config)
/mnt/nfs/data/wangmaonan/anaconda3/envs/aiolosEnv/lib/python3.10/site-packages/scipy/optimize/_minpack_py.py:178: RuntimeWarning: The number of calls to function has reached maxfev = 800.
  warnings.warn(msg, RuntimeWarning)
/mnt/nfs/data/wangmaonan/anaconda3/envs/aiolosEnv/lib/python3.10/site-packages/scipy/optimize/_minpack_py.py:178: RuntimeWarning: The iteration is not making good progress, as measured by the 
  improvement from the last five Jacobian evaluations.
  warnings.warn(msg, RuntimeWarning)
/mnt/nfs/data/wangmaonan/anaconda3/envs/aiolosEnv/lib/python3.10/site-packages/scipy/optimize/_minpack_py.py:178: RuntimeWarning: The iteration is not making good progress, as measured by the 
  improvement from the last ten iterations.
  warnings.warn(msg, RuntimeWarning)
Error: tcpip::Socket::recvAndCheck @ recv: peer shutdown
Quitting (on error).
/usr/share/sumo/bin/sumo: /mnt/nfs/data/wangmaonan/anaconda3/lib/libtiff.so.5: no version information available (required by /lib64/libFOX-1.6.so.0)
WARNING: Verbosity must be one of [0, 1, 2, 3, 4]! Ignoring given value: 5 (Config)
0.0: WARNING: vType file 'data/vtype.map' contained 1 lines that were not parsed into a colon-separated sequence of strings! (Config)
/usr/share/sumo/bin/sumo: /mnt/nfs/data/wangmaonan/anaconda3/lib/libtiff.so.5: no version information available (required by /lib64/libFOX-1.6.so.0)
WARNING: Verbosity must be one of [0, 1, 2, 3, 4]! Ignoring given value: 5 (Config)
0.0: WARNING: vType file 'data/vtype.map' contained 1 lines that were not parsed into a colon-separated sequence of strings! (Config)
/mnt/nfs/data/wangmaonan/anaconda3/envs/aiolosEnv/lib/python3.10/site-packages/scipy/optimize/_minpack_py.py:178: RuntimeWarning: The iteration is not making good progress, as measured by the 
  improvement from the last ten iterations.
  warnings.warn(msg, RuntimeWarning)
/mnt/nfs/data/wangmaonan/anaconda3/envs/aiolosEnv/lib/python3.10/site-packages/scipy/optimize/_minpack_py.py:178: RuntimeWarning: The iteration is not making good progress, as measured by the 
  improvement from the last five Jacobian evaluations.
  warnings.warn(msg, RuntimeWarning)
Error: tcpip::Socket::recvAndCheck @ recv: peer shutdown
Quitting (on error).
/usr/share/sumo/bin/sumo: /mnt/nfs/data/wangmaonan/anaconda3/lib/libtiff.so.5: no version information available (required by /lib64/libFOX-1.6.so.0)
WARNING: Verbosity must be one of [0, 1, 2, 3, 4]! Ignoring given value: 5 (Config)
0.0: WARNING: vType file 'data/vtype.map' contained 1 lines that were not parsed into a colon-separated sequence of strings! (Config)
/usr/share/sumo/bin/sumo: /mnt/nfs/data/wangmaonan/anaconda3/lib/libtiff.so.5: no version information available (required by /lib64/libFOX-1.6.so.0)
WARNING: Verbosity must be one of [0, 1, 2, 3, 4]! Ignoring given value: 5 (Config)
0.0: WARNING: vType file 'data/vtype.map' contained 1 lines that were not parsed into a colon-separated sequence of strings! (Config)
/mnt/nfs/data/wangmaonan/anaconda3/envs/aiolosEnv/lib/python3.10/site-packages/scipy/optimize/_minpack_py.py:178: RuntimeWarning: The number of calls to function has reached maxfev = 800.
  warnings.warn(msg, RuntimeWarning)
/mnt/nfs/data/wangmaonan/anaconda3/envs/aiolosEnv/lib/python3.10/site-packages/scipy/optimize/_minpack_py.py:178: RuntimeWarning: The iteration is not making good progress, as measured by the 
  improvement from the last ten iterations.
  warnings.warn(msg, RuntimeWarning)
/mnt/nfs/data/wangmaonan/anaconda3/envs/aiolosEnv/lib/python3.10/site-packages/scipy/optimize/_minpack_py.py:178: RuntimeWarning: The iteration is not making good progress, as measured by the 
  improvement from the last five Jacobian evaluations.
  warnings.warn(msg, RuntimeWarning)
Error: tcpip::Socket::recvAndCheck @ recv: peer shutdown
Quitting (on error).
/usr/share/sumo/bin/sumo: /mnt/nfs/data/wangmaonan/anaconda3/lib/libtiff.so.5: no version information available (required by /lib64/libFOX-1.6.so.0)
WARNING: Verbosity must be one of [0, 1, 2, 3, 4]! Ignoring given value: 5 (Config)
0.0: WARNING: vType file 'data/vtype.map' contained 1 lines that were not parsed into a colon-separated sequence of strings! (Config)
/usr/share/sumo/bin/sumo: /mnt/nfs/data/wangmaonan/anaconda3/lib/libtiff.so.5: no version information available (required by /lib64/libFOX-1.6.so.0)
WARNING: Verbosity must be one of [0, 1, 2, 3, 4]! Ignoring given value: 5 (Config)
0.0: WARNING: vType file 'data/vtype.map' contained 1 lines that were not parsed into a colon-separated sequence of strings! (Config)
/mnt/nfs/data/wangmaonan/anaconda3/envs/aiolosEnv/lib/python3.10/site-packages/scipy/optimize/_minpack_py.py:178: RuntimeWarning: The iteration is not making good progress, as measured by the 
  improvement from the last ten iterations.
  warnings.warn(msg, RuntimeWarning)
/mnt/nfs/data/wangmaonan/anaconda3/envs/aiolosEnv/lib/python3.10/site-packages/scipy/optimize/_minpack_py.py:178: RuntimeWarning: The iteration is not making good progress, as measured by the 
  improvement from the last five Jacobian evaluations.
  warnings.warn(msg, RuntimeWarning)
Error: tcpip::Socket::recvAndCheck @ recv: peer shutdown
Quitting (on error).
/usr/share/sumo/bin/sumo: /mnt/nfs/data/wangmaonan/anaconda3/lib/libtiff.so.5: no version information available (required by /lib64/libFOX-1.6.so.0)
WARNING: Verbosity must be one of [0, 1, 2, 3, 4]! Ignoring given value: 5 (Config)
0.0: WARNING: vType file 'data/vtype.map' contained 1 lines that were not parsed into a colon-separated sequence of strings! (Config)
/usr/share/sumo/bin/sumo: /mnt/nfs/data/wangmaonan/anaconda3/lib/libtiff.so.5: no version information available (required by /lib64/libFOX-1.6.so.0)
WARNING: Verbosity must be one of [0, 1, 2, 3, 4]! Ignoring given value: 5 (Config)
0.0: WARNING: vType file 'data/vtype.map' contained 1 lines that were not parsed into a colon-separated sequence of strings! (Config)
/mnt/nfs/data/wangmaonan/anaconda3/envs/aiolosEnv/lib/python3.10/site-packages/scipy/optimize/_minpack_py.py:178: RuntimeWarning: The iteration is not making good progress, as measured by the 
  improvement from the last ten iterations.
  warnings.warn(msg, RuntimeWarning)
/mnt/nfs/data/wangmaonan/anaconda3/envs/aiolosEnv/lib/python3.10/site-packages/scipy/optimize/_minpack_py.py:178: RuntimeWarning: The iteration is not making good progress, as measured by the 
  improvement from the last five Jacobian evaluations.
  warnings.warn(msg, RuntimeWarning)
Error: tcpip::Socket::recvAndCheck @ recv: peer shutdown
Quitting (on error).
/usr/share/sumo/bin/sumo: /mnt/nfs/data/wangmaonan/anaconda3/lib/libtiff.so.5: no version information available (required by /lib64/libFOX-1.6.so.0)
WARNING: Verbosity must be one of [0, 1, 2, 3, 4]! Ignoring given value: 5 (Config)
0.0: WARNING: vType file 'data/vtype.map' contained 1 lines that were not parsed into a colon-separated sequence of strings! (Config)
/usr/share/sumo/bin/sumo: /mnt/nfs/data/wangmaonan/anaconda3/lib/libtiff.so.5: no version information available (required by /lib64/libFOX-1.6.so.0)
WARNING: Verbosity must be one of [0, 1, 2, 3, 4]! Ignoring given value: 5 (Config)
0.0: WARNING: vType file 'data/vtype.map' contained 1 lines that were not parsed into a colon-separated sequence of strings! (Config)
/mnt/nfs/data/wangmaonan/anaconda3/envs/aiolosEnv/lib/python3.10/site-packages/scipy/optimize/_minpack_py.py:178: RuntimeWarning: The iteration is not making good progress, as measured by the 
  improvement from the last ten iterations.
  warnings.warn(msg, RuntimeWarning)
/mnt/nfs/data/wangmaonan/anaconda3/envs/aiolosEnv/lib/python3.10/site-packages/scipy/optimize/_minpack_py.py:178: RuntimeWarning: The iteration is not making good progress, as measured by the 
  improvement from the last five Jacobian evaluations.
  warnings.warn(msg, RuntimeWarning)
Error: tcpip::Socket::recvAndCheck @ recv: peer shutdown
Quitting (on error).
